<?xml version="1.0" encoding="UTF-8"?>
<testsuite xmlns:xsi="http://www.w3.org/2001/XMLSchema-instance" xsi:noNamespaceSchemaLocation="https://maven.apache.org/surefire/maven-surefire-plugin/xsd/surefire-test-report-3.0.xsd" version="3.0" name="com.gefrierschrank.app.repository.UserRepositoryTest" time="1.485" tests="13" errors="0" skipped="0" failures="0">
  <properties>
[...]
</properties>
  <testcase name="existsByUsername_UserNotExists_ReturnsFalse" classname="com.gefrierschrank.app.repository.UserRepositoryTest" time="0.262">
    <system-out><![CDATA[Standard Commons Logging discovery in action with spring-jcl: please remove commons-logging.jar from classpath in order to avoid potential conflicts
15:29:36.632 [main] INFO org.springframework.test.context.support.AnnotationConfigContextLoaderUtils -- Could not detect default configuration classes for test class [com.gefrierschrank.app.repository.UserRepositoryTest]: UserRepositoryTest does not declare any static, non-private, non-final, nested classes annotated with @Configuration.
15:29:36.674 [main] INFO org.springframework.boot.test.context.SpringBootTestContextBootstrapper -- Found @SpringBootConfiguration com.gefrierschrank.app.GefrierschrankApplication for test class com.gefrierschrank.app.repository.UserRepositoryTest

  .   ____          _            __ _ _
 /\\ / ___'_ __ _ _(_)_ __  __ _ \ \ \ \
( ( )\___ | '_ | '_| | '_ \/ _` | \ \ \ \
 \\/  ___)| |_)| | | | | || (_| |  ) ) ) )
  '  |____| .__|_| |_|_| |_\__, | / / / /
 =========|_|==============|___/=/_/_/_/
&amp#27;[32m :: Spring Boot :: &amp#27;[39m              &amp#27;[2m (v3.2.0)&amp#27;[0;39m

&amp#27;[2m2025-07-20T15:29:36.802+02:00&amp#27;[0;39m &amp#27;[32m INFO&amp#27;[0;39m &amp#27;[35m27121&amp#27;[0;39m &amp#27;[2m---&amp#27;[0;39m &amp#27;[2m[gefrierschrank-backend] [           main]&amp#27;[0;39m &amp#27;[2m&amp#27;[0;39m&amp#27;[36mc.g.app.repository.UserRepositoryTest   &amp#27;[0;39m &amp#27;[2m:&amp#27;[0;39m Starting UserRepositoryTest using Java 24.0.1 with PID 27121 (started by maik.hirthe in /Users/maik.hirthe/Documents/Dev/gs-mgmt/backend)
&amp#27;[2m2025-07-20T15:29:36.802+02:00&amp#27;[0;39m &amp#27;[32mDEBUG&amp#27;[0;39m &amp#27;[35m27121&amp#27;[0;39m &amp#27;[2m---&amp#27;[0;39m &amp#27;[2m[gefrierschrank-backend] [           main]&amp#27;[0;39m &amp#27;[2m&amp#27;[0;39m&amp#27;[36mc.g.app.repository.UserRepositoryTest   &amp#27;[0;39m &amp#27;[2m:&amp#27;[0;39m Running with Spring Boot v3.2.0, Spring v6.1.1
&amp#27;[2m2025-07-20T15:29:36.802+02:00&amp#27;[0;39m &amp#27;[32m INFO&amp#27;[0;39m &amp#27;[35m27121&amp#27;[0;39m &amp#27;[2m---&amp#27;[0;39m &amp#27;[2m[gefrierschrank-backend] [           main]&amp#27;[0;39m &amp#27;[2m&amp#27;[0;39m&amp#27;[36mc.g.app.repository.UserRepositoryTest   &amp#27;[0;39m &amp#27;[2m:&amp#27;[0;39m The following 1 profile is active: "test"
&amp#27;[2m2025-07-20T15:29:36.980+02:00&amp#27;[0;39m &amp#27;[32m INFO&amp#27;[0;39m &amp#27;[35m27121&amp#27;[0;39m &amp#27;[2m---&amp#27;[0;39m &amp#27;[2m[gefrierschrank-backend] [           main]&amp#27;[0;39m &amp#27;[2m&amp#27;[0;39m&amp#27;[36mbeddedDataSourceBeanFactoryPostProcessor&amp#27;[0;39m &amp#27;[2m:&amp#27;[0;39m Replacing 'dataSource' DataSource bean with embedded version
&amp#27;[2m2025-07-20T15:29:37.028+02:00&amp#27;[0;39m &amp#27;[32m INFO&amp#27;[0;39m &amp#27;[35m27121&amp#27;[0;39m &amp#27;[2m---&amp#27;[0;39m &amp#27;[2m[gefrierschrank-backend] [           main]&amp#27;[0;39m &amp#27;[2m&amp#27;[0;39m&amp#27;[36mo.s.j.d.e.EmbeddedDatabaseFactory       &amp#27;[0;39m &amp#27;[2m:&amp#27;[0;39m Starting embedded database: url='jdbc:h2:mem:7300af18-5d24-447b-963a-df488f405ab5;DB_CLOSE_DELAY=-1;DB_CLOSE_ON_EXIT=false', username='sa'
&amp#27;[2m2025-07-20T15:29:37.219+02:00&amp#27;[0;39m &amp#27;[32m INFO&amp#27;[0;39m &amp#27;[35m27121&amp#27;[0;39m &amp#27;[2m---&amp#27;[0;39m &amp#27;[2m[gefrierschrank-backend] [           main]&amp#27;[0;39m &amp#27;[2m&amp#27;[0;39m&amp#27;[36mo.s.o.j.p.SpringPersistenceUnitInfo     &amp#27;[0;39m &amp#27;[2m:&amp#27;[0;39m No LoadTimeWeaver setup: ignoring JPA class transformer
&amp#27;[2m2025-07-20T15:29:37.234+02:00&amp#27;[0;39m &amp#27;[33m WARN&amp#27;[0;39m &amp#27;[35m27121&amp#27;[0;39m &amp#27;[2m---&amp#27;[0;39m &amp#27;[2m[gefrierschrank-backend] [           main]&amp#27;[0;39m &amp#27;[2m&amp#27;[0;39m&amp#27;[36morg.hibernate.orm.deprecation           &amp#27;[0;39m &amp#27;[2m:&amp#27;[0;39m HHH90000025: H2Dialect does not need to be specified explicitly using 'hibernate.dialect' (remove the property setting and it will be selected by default)
Hibernate: drop table if exists users cascade 
Hibernate: create table users (notifications_enabled boolean not null, created_at timestamp(6) not null, id bigint generated by default as identity, updated_at timestamp(6), email varchar(255) not null unique, password_hash varchar(255) not null, role varchar(255) not null check (role in ('USER','ADMIN')), username varchar(255) not null unique, primary key (id))
&amp#27;[2m2025-07-20T15:29:37.451+02:00&amp#27;[0;39m &amp#27;[32m INFO&amp#27;[0;39m &amp#27;[35m27121&amp#27;[0;39m &amp#27;[2m---&amp#27;[0;39m &amp#27;[2m[gefrierschrank-backend] [           main]&amp#27;[0;39m &amp#27;[2m&amp#27;[0;39m&amp#27;[36mj.LocalContainerEntityManagerFactoryBean&amp#27;[0;39m &amp#27;[2m:&amp#27;[0;39m Initialized JPA EntityManagerFactory for persistence unit 'default'
&amp#27;[2m2025-07-20T15:29:37.719+02:00&amp#27;[0;39m &amp#27;[32m INFO&amp#27;[0;39m &amp#27;[35m27121&amp#27;[0;39m &amp#27;[2m---&amp#27;[0;39m &amp#27;[2m[gefrierschrank-backend] [           main]&amp#27;[0;39m &amp#27;[2m&amp#27;[0;39m&amp#27;[36mc.g.app.repository.UserRepositoryTest   &amp#27;[0;39m &amp#27;[2m:&amp#27;[0;39m Started UserRepositoryTest in 1.024 seconds (process running for 1.353)
Hibernate: select u1_0.id from users u1_0 where u1_0.username=? fetch first ? rows only
]]></system-out>
    <system-err><![CDATA[WARNING: A Java agent has been loaded dynamically (/Users/maik.hirthe/.m2/repository/net/bytebuddy/byte-buddy-agent/1.14.10/byte-buddy-agent-1.14.10.jar)
WARNING: If a serviceability tool is in use, please run with -XX:+EnableDynamicAgentLoading to hide this warning
WARNING: If a serviceability tool is not in use, please run with -Djdk.instrument.traceUsage for more information
WARNING: Dynamic loading of agents will be disallowed by default in a future release
]]></system-err>
  </testcase>
  <testcase name="existsByUsername_UserExists_ReturnsTrue" classname="com.gefrierschrank.app.repository.UserRepositoryTest" time="0.032">
    <system-out><![CDATA[Hibernate: insert into users (created_at,email,notifications_enabled,password_hash,role,updated_at,username,id) values (?,?,?,?,?,?,?,default)
Hibernate: select u1_0.id from users u1_0 where u1_0.username=? fetch first ? rows only
]]></system-out>
  </testcase>
  <testcase name="findByEmail_UserExists_ReturnsUser" classname="com.gefrierschrank.app.repository.UserRepositoryTest" time="0.008">
    <system-out><![CDATA[Hibernate: insert into users (created_at,email,notifications_enabled,password_hash,role,updated_at,username,id) values (?,?,?,?,?,?,?,default)
Hibernate: select u1_0.id,u1_0.created_at,u1_0.email,u1_0.notifications_enabled,u1_0.password_hash,u1_0.role,u1_0.updated_at,u1_0.username from users u1_0 where u1_0.email=?
]]></system-out>
  </testcase>
  <testcase name="findByEmail_UserNotExists_ReturnsEmpty" classname="com.gefrierschrank.app.repository.UserRepositoryTest" time="0.003">
    <system-out><![CDATA[Hibernate: select u1_0.id,u1_0.created_at,u1_0.email,u1_0.notifications_enabled,u1_0.password_hash,u1_0.role,u1_0.updated_at,u1_0.username from users u1_0 where u1_0.email=?
]]></system-out>
  </testcase>
  <testcase name="existsByEmail_UserExists_ReturnsTrue" classname="com.gefrierschrank.app.repository.UserRepositoryTest" time="0.003">
    <system-out><![CDATA[Hibernate: insert into users (created_at,email,notifications_enabled,password_hash,role,updated_at,username,id) values (?,?,?,?,?,?,?,default)
Hibernate: select u1_0.id from users u1_0 where u1_0.email=? fetch first ? rows only
]]></system-out>
  </testcase>
  <testcase name="countAdmins_NoAdmins_ReturnsZero" classname="com.gefrierschrank.app.repository.UserRepositoryTest" time="0.005">
    <system-out><![CDATA[Hibernate: insert into users (created_at,email,notifications_enabled,password_hash,role,updated_at,username,id) values (?,?,?,?,?,?,?,default)
Hibernate: select count(u1_0.id) from users u1_0 where u1_0.role='ADMIN'
]]></system-out>
  </testcase>
  <testcase name="countAdmins_AdminsExist_ReturnsCount" classname="com.gefrierschrank.app.repository.UserRepositoryTest" time="0.003">
    <system-out><![CDATA[Hibernate: insert into users (created_at,email,notifications_enabled,password_hash,role,updated_at,username,id) values (?,?,?,?,?,?,?,default)
Hibernate: insert into users (created_at,email,notifications_enabled,password_hash,role,updated_at,username,id) values (?,?,?,?,?,?,?,default)
Hibernate: select count(u1_0.id) from users u1_0 where u1_0.role='ADMIN'
]]></system-out>
  </testcase>
  <testcase name="existsByEmail_UserNotExists_ReturnsFalse" classname="com.gefrierschrank.app.repository.UserRepositoryTest" time="0.002">
    <system-out><![CDATA[Hibernate: select u1_0.id from users u1_0 where u1_0.email=? fetch first ? rows only
]]></system-out>
  </testcase>
  <testcase name="findByUsername_UserExists_ReturnsUser" classname="com.gefrierschrank.app.repository.UserRepositoryTest" time="0.003">
    <system-out><![CDATA[Hibernate: insert into users (created_at,email,notifications_enabled,password_hash,role,updated_at,username,id) values (?,?,?,?,?,?,?,default)
Hibernate: select u1_0.id,u1_0.created_at,u1_0.email,u1_0.notifications_enabled,u1_0.password_hash,u1_0.role,u1_0.updated_at,u1_0.username from users u1_0 where u1_0.username=?
]]></system-out>
  </testcase>
  <testcase name="findByUsername_UserNotExists_ReturnsEmpty" classname="com.gefrierschrank.app.repository.UserRepositoryTest" time="0.002">
    <system-out><![CDATA[Hibernate: select u1_0.id,u1_0.created_at,u1_0.email,u1_0.notifications_enabled,u1_0.password_hash,u1_0.role,u1_0.updated_at,u1_0.username from users u1_0 where u1_0.username=?
]]></system-out>
  </testcase>
  <testcase name="delete_ExistingUser_RemovesUser" classname="com.gefrierschrank.app.repository.UserRepositoryTest" time="0.011">
    <system-out><![CDATA[Hibernate: insert into users (created_at,email,notifications_enabled,password_hash,role,updated_at,username,id) values (?,?,?,?,?,?,?,default)
Hibernate: delete from users where id=?
Hibernate: select u1_0.id,u1_0.created_at,u1_0.email,u1_0.notifications_enabled,u1_0.password_hash,u1_0.role,u1_0.updated_at,u1_0.username from users u1_0 where u1_0.id=?
]]></system-out>
  </testcase>
  <testcase name="save_NewUser_PersistsUser" classname="com.gefrierschrank.app.repository.UserRepositoryTest" time="0.002">
    <system-out><![CDATA[Hibernate: insert into users (created_at,email,notifications_enabled,password_hash,role,updated_at,username,id) values (?,?,?,?,?,?,?,default)
]]></system-out>
  </testcase>
  <testcase name="findByRole_UsersExist_ReturnsUsers" classname="com.gefrierschrank.app.repository.UserRepositoryTest" time="0.005">
    <system-out><![CDATA[Hibernate: insert into users (created_at,email,notifications_enabled,password_hash,role,updated_at,username,id) values (?,?,?,?,?,?,?,default)
Hibernate: insert into users (created_at,email,notifications_enabled,password_hash,role,updated_at,username,id) values (?,?,?,?,?,?,?,default)
Hibernate: select u1_0.id,u1_0.created_at,u1_0.email,u1_0.notifications_enabled,u1_0.password_hash,u1_0.role,u1_0.updated_at,u1_0.username from users u1_0 where u1_0.role=?
Hibernate: select u1_0.id,u1_0.created_at,u1_0.email,u1_0.notifications_enabled,u1_0.password_hash,u1_0.role,u1_0.updated_at,u1_0.username from users u1_0 where u1_0.role=?
]]></system-out>
  </testcase>
</testsuite>