<?xml version="1.0" encoding="UTF-8"?>
<testsuite xmlns:xsi="http://www.w3.org/2001/XMLSchema-instance" xsi:noNamespaceSchemaLocation="https://maven.apache.org/surefire/maven-surefire-plugin/xsd/surefire-test-report-3.0.xsd" version="3.0" name="com.gefrierschrank.app.repository.ItemRepositoryTest" time="1.884" tests="19" errors="0" skipped="0" failures="5">
  <properties>
[...]
</properties>
  <testcase name="countByUserAndExpired_ShouldReturnExpiredCount" classname="com.gefrierschrank.app.repository.ItemRepositoryTest" time="0.309">
    <system-out><![CDATA[Standard Commons Logging discovery in action with spring-jcl: please remove commons-logging.jar from classpath in order to avoid potential conflicts
17:12:16.760 [main] INFO org.springframework.test.context.support.AnnotationConfigContextLoaderUtils -- Could not detect default configuration classes for test class [com.gefrierschrank.app.repository.ItemRepositoryTest]: ItemRepositoryTest does not declare any static, non-private, non-final, nested classes annotated with @Configuration.
17:12:16.801 [main] INFO org.springframework.boot.test.context.SpringBootTestContextBootstrapper -- Found @SpringBootConfiguration com.gefrierschrank.app.GefrierschrankApplication for test class com.gefrierschrank.app.repository.ItemRepositoryTest

  .   ____          _            __ _ _
 /\\ / ___'_ __ _ _(_)_ __  __ _ \ \ \ \
( ( )\___ | '_ | '_| | '_ \/ _` | \ \ \ \
 \\/  ___)| |_)| | | | | || (_| |  ) ) ) )
  '  |____| .__|_| |_|_| |_\__, | / / / /
 =========|_|==============|___/=/_/_/_/
&amp#27;[32m :: Spring Boot :: &amp#27;[39m              &amp#27;[2m (v3.2.0)&amp#27;[0;39m

&amp#27;[2m2025-07-20T17:12:16.922+02:00&amp#27;[0;39m &amp#27;[32m INFO&amp#27;[0;39m &amp#27;[35m43541&amp#27;[0;39m &amp#27;[2m---&amp#27;[0;39m &amp#27;[2m[gefrierschrank-backend] [           main]&amp#27;[0;39m &amp#27;[2m&amp#27;[0;39m&amp#27;[36mc.g.app.repository.ItemRepositoryTest   &amp#27;[0;39m &amp#27;[2m:&amp#27;[0;39m Starting ItemRepositoryTest using Java 24.0.1 with PID 43541 (started by maik.hirthe in /Users/maik.hirthe/Documents/Dev/gs-mgmt/backend)
&amp#27;[2m2025-07-20T17:12:16.922+02:00&amp#27;[0;39m &amp#27;[32m INFO&amp#27;[0;39m &amp#27;[35m43541&amp#27;[0;39m &amp#27;[2m---&amp#27;[0;39m &amp#27;[2m[gefrierschrank-backend] [           main]&amp#27;[0;39m &amp#27;[2m&amp#27;[0;39m&amp#27;[36mc.g.app.repository.ItemRepositoryTest   &amp#27;[0;39m &amp#27;[2m:&amp#27;[0;39m No active profile set, falling back to 1 default profile: "default"
&amp#27;[2m2025-07-20T17:12:17.055+02:00&amp#27;[0;39m &amp#27;[32m INFO&amp#27;[0;39m &amp#27;[35m43541&amp#27;[0;39m &amp#27;[2m---&amp#27;[0;39m &amp#27;[2m[gefrierschrank-backend] [           main]&amp#27;[0;39m &amp#27;[2m&amp#27;[0;39m&amp#27;[36m.s.d.r.c.RepositoryConfigurationDelegate&amp#27;[0;39m &amp#27;[2m:&amp#27;[0;39m Bootstrapping Spring Data JPA repositories in DEFAULT mode.
&amp#27;[2m2025-07-20T17:12:17.109+02:00&amp#27;[0;39m &amp#27;[32m INFO&amp#27;[0;39m &amp#27;[35m43541&amp#27;[0;39m &amp#27;[2m---&amp#27;[0;39m &amp#27;[2m[gefrierschrank-backend] [           main]&amp#27;[0;39m &amp#27;[2m&amp#27;[0;39m&amp#27;[36m.s.d.r.c.RepositoryConfigurationDelegate&amp#27;[0;39m &amp#27;[2m:&amp#27;[0;39m Finished Spring Data repository scanning in 52 ms. Found 3 JPA repository interfaces.
&amp#27;[2m2025-07-20T17:12:17.126+02:00&amp#27;[0;39m &amp#27;[32m INFO&amp#27;[0;39m &amp#27;[35m43541&amp#27;[0;39m &amp#27;[2m---&amp#27;[0;39m &amp#27;[2m[gefrierschrank-backend] [           main]&amp#27;[0;39m &amp#27;[2m&amp#27;[0;39m&amp#27;[36mbeddedDataSourceBeanFactoryPostProcessor&amp#27;[0;39m &amp#27;[2m:&amp#27;[0;39m Replacing 'dataSource' DataSource bean with embedded version
&amp#27;[2m2025-07-20T17:12:17.175+02:00&amp#27;[0;39m &amp#27;[32m INFO&amp#27;[0;39m &amp#27;[35m43541&amp#27;[0;39m &amp#27;[2m---&amp#27;[0;39m &amp#27;[2m[gefrierschrank-backend] [           main]&amp#27;[0;39m &amp#27;[2m&amp#27;[0;39m&amp#27;[36mo.s.j.d.e.EmbeddedDatabaseFactory       &amp#27;[0;39m &amp#27;[2m:&amp#27;[0;39m Starting embedded database: url='jdbc:h2:mem:de6081aa-fadf-4467-9b4f-a0ac350a4f46;DB_CLOSE_DELAY=-1;DB_CLOSE_ON_EXIT=false', username='sa'
&amp#27;[2m2025-07-20T17:12:17.270+02:00&amp#27;[0;39m &amp#27;[32m INFO&amp#27;[0;39m &amp#27;[35m43541&amp#27;[0;39m &amp#27;[2m---&amp#27;[0;39m &amp#27;[2m[gefrierschrank-backend] [           main]&amp#27;[0;39m &amp#27;[2m&amp#27;[0;39m&amp#27;[36mo.hibernate.jpa.internal.util.LogHelper &amp#27;[0;39m &amp#27;[2m:&amp#27;[0;39m HHH000204: Processing PersistenceUnitInfo [name: default]
&amp#27;[2m2025-07-20T17:12:17.295+02:00&amp#27;[0;39m &amp#27;[32m INFO&amp#27;[0;39m &amp#27;[35m43541&amp#27;[0;39m &amp#27;[2m---&amp#27;[0;39m &amp#27;[2m[gefrierschrank-backend] [           main]&amp#27;[0;39m &amp#27;[2m&amp#27;[0;39m&amp#27;[36morg.hibernate.Version                   &amp#27;[0;39m &amp#27;[2m:&amp#27;[0;39m HHH000412: Hibernate ORM core version 6.3.1.Final
&amp#27;[2m2025-07-20T17:12:17.305+02:00&amp#27;[0;39m &amp#27;[32m INFO&amp#27;[0;39m &amp#27;[35m43541&amp#27;[0;39m &amp#27;[2m---&amp#27;[0;39m &amp#27;[2m[gefrierschrank-backend] [           main]&amp#27;[0;39m &amp#27;[2m&amp#27;[0;39m&amp#27;[36mo.h.c.internal.RegionFactoryInitiator   &amp#27;[0;39m &amp#27;[2m:&amp#27;[0;39m HHH000026: Second-level cache disabled
&amp#27;[2m2025-07-20T17:12:17.368+02:00&amp#27;[0;39m &amp#27;[32m INFO&amp#27;[0;39m &amp#27;[35m43541&amp#27;[0;39m &amp#27;[2m---&amp#27;[0;39m &amp#27;[2m[gefrierschrank-backend] [           main]&amp#27;[0;39m &amp#27;[2m&amp#27;[0;39m&amp#27;[36mo.s.o.j.p.SpringPersistenceUnitInfo     &amp#27;[0;39m &amp#27;[2m:&amp#27;[0;39m No LoadTimeWeaver setup: ignoring JPA class transformer
&amp#27;[2m2025-07-20T17:12:17.382+02:00&amp#27;[0;39m &amp#27;[33m WARN&amp#27;[0;39m &amp#27;[35m43541&amp#27;[0;39m &amp#27;[2m---&amp#27;[0;39m &amp#27;[2m[gefrierschrank-backend] [           main]&amp#27;[0;39m &amp#27;[2m&amp#27;[0;39m&amp#27;[36morg.hibernate.orm.deprecation           &amp#27;[0;39m &amp#27;[2m:&amp#27;[0;39m HHH90000025: H2Dialect does not need to be specified explicitly using 'hibernate.dialect' (remove the property setting and it will be selected by default)
&amp#27;[2m2025-07-20T17:12:17.636+02:00&amp#27;[0;39m &amp#27;[32m INFO&amp#27;[0;39m &amp#27;[35m43541&amp#27;[0;39m &amp#27;[2m---&amp#27;[0;39m &amp#27;[2m[gefrierschrank-backend] [           main]&amp#27;[0;39m &amp#27;[2m&amp#27;[0;39m&amp#27;[36mo.h.e.t.j.p.i.JtaPlatformInitiator      &amp#27;[0;39m &amp#27;[2m:&amp#27;[0;39m HHH000489: No JTA platform available (set 'hibernate.transaction.jta.platform' to enable JTA platform integration)
Hibernate: 
    create table categories (
        id bigint generated by default as identity,
        created_at timestamp(6),
        default_unit varchar(255) not null,
        icon varchar(255),
        max_value numeric(38,2) not null,
        min_value numeric(38,2) not null,
        name varchar(255) not null,
        unit_step numeric(38,2) not null,
        updated_at timestamp(6),
        primary key (id)
    )
Hibernate: 
    create table items (
        id bigint generated by default as identity,
        created_at timestamp(6),
        description varchar(255),
        expiry_date date,
        expiry_type varchar(255) not null check (expiry_type in ('USE_BY','BEST_BEFORE')),
        name varchar(255) not null,
        photo_path varchar(255),
        quantity numeric(38,2) not null,
        unit varchar(255) not null,
        updated_at timestamp(6),
        category_id bigint not null,
        user_id bigint not null,
        primary key (id)
    )
Hibernate: 
    create table users (
        id bigint generated by default as identity,
        created_at timestamp(6) not null,
        email varchar(50) not null,
        password varchar(120) not null,
        role varchar(20) not null check (role in ('USER','ADMIN')),
        updated_at timestamp(6),
        username varchar(20) not null,
        primary key (id)
    )
Hibernate: 
    alter table if exists categories 
       drop constraint if exists UK_t8o6pivur7nn124jehx7cygw5
Hibernate: 
    alter table if exists categories 
       add constraint UK_t8o6pivur7nn124jehx7cygw5 unique (name)
Hibernate: 
    create index idx_item_user_id 
       on items (user_id)
Hibernate: 
    create index idx_item_category_id 
       on items (category_id)
Hibernate: 
    create index idx_item_expiry_date 
       on items (expiry_date)
Hibernate: 
    create index idx_item_created_at 
       on items (created_at)
Hibernate: 
    alter table if exists users 
       drop constraint if exists UK_6dotkott2kjsp8vw4d0m25fb7
Hibernate: 
    alter table if exists users 
       add constraint UK_6dotkott2kjsp8vw4d0m25fb7 unique (email)
Hibernate: 
    alter table if exists users 
       drop constraint if exists UK_r43af9ap4edm43mmtq01oddj6
Hibernate: 
    alter table if exists users 
       add constraint UK_r43af9ap4edm43mmtq01oddj6 unique (username)
Hibernate: 
    alter table if exists items 
       add constraint FKjcdcde7htb3tyjgouo4g9xbmr 
       foreign key (category_id) 
       references categories
Hibernate: 
    alter table if exists items 
       add constraint FKft8pmhndq1kntvyfaqcybhxvx 
       foreign key (user_id) 
       references users
&amp#27;[2m2025-07-20T17:12:17.657+02:00&amp#27;[0;39m &amp#27;[32m INFO&amp#27;[0;39m &amp#27;[35m43541&amp#27;[0;39m &amp#27;[2m---&amp#27;[0;39m &amp#27;[2m[gefrierschrank-backend] [           main]&amp#27;[0;39m &amp#27;[2m&amp#27;[0;39m&amp#27;[36mj.LocalContainerEntityManagerFactoryBean&amp#27;[0;39m &amp#27;[2m:&amp#27;[0;39m Initialized JPA EntityManagerFactory for persistence unit 'default'
&amp#27;[2m2025-07-20T17:12:17.759+02:00&amp#27;[0;39m &amp#27;[32m INFO&amp#27;[0;39m &amp#27;[35m43541&amp#27;[0;39m &amp#27;[2m---&amp#27;[0;39m &amp#27;[2m[gefrierschrank-backend] [           main]&amp#27;[0;39m &amp#27;[2m&amp#27;[0;39m&amp#27;[36mo.s.d.j.r.query.QueryEnhancerFactory    &amp#27;[0;39m &amp#27;[2m:&amp#27;[0;39m Hibernate is in classpath; If applicable, HQL parser will be used.
&amp#27;[2m2025-07-20T17:12:18.101+02:00&amp#27;[0;39m &amp#27;[32m INFO&amp#27;[0;39m &amp#27;[35m43541&amp#27;[0;39m &amp#27;[2m---&amp#27;[0;39m &amp#27;[2m[gefrierschrank-backend] [           main]&amp#27;[0;39m &amp#27;[2m&amp#27;[0;39m&amp#27;[36mc.g.app.repository.ItemRepositoryTest   &amp#27;[0;39m &amp#27;[2m:&amp#27;[0;39m Started ItemRepositoryTest in 1.281 seconds (process running for 1.618)
Hibernate: 
    insert 
    into
        users
        (created_at, email, password, role, updated_at, username, id) 
    values
        (?, ?, ?, ?, ?, ?, default)
Hibernate: 
    insert 
    into
        users
        (created_at, email, password, role, updated_at, username, id) 
    values
        (?, ?, ?, ?, ?, ?, default)
Hibernate: 
    insert 
    into
        categories
        (created_at, default_unit, icon, max_value, min_value, name, unit_step, updated_at, id) 
    values
        (?, ?, ?, ?, ?, ?, ?, ?, default)
Hibernate: 
    insert 
    into
        categories
        (created_at, default_unit, icon, max_value, min_value, name, unit_step, updated_at, id) 
    values
        (?, ?, ?, ?, ?, ?, ?, ?, default)
Hibernate: 
    insert 
    into
        items
        (category_id, created_at, description, expiry_date, expiry_type, name, photo_path, quantity, unit, updated_at, user_id, id) 
    values
        (?, ?, ?, ?, ?, ?, ?, ?, ?, ?, ?, default)
Hibernate: 
    insert 
    into
        items
        (category_id, created_at, description, expiry_date, expiry_type, name, photo_path, quantity, unit, updated_at, user_id, id) 
    values
        (?, ?, ?, ?, ?, ?, ?, ?, ?, ?, ?, default)
Hibernate: 
    insert 
    into
        items
        (category_id, created_at, description, expiry_date, expiry_type, name, photo_path, quantity, unit, updated_at, user_id, id) 
    values
        (?, ?, ?, ?, ?, ?, ?, ?, ?, ?, ?, default)
Hibernate: 
    insert 
    into
        items
        (category_id, created_at, description, expiry_date, expiry_type, name, photo_path, quantity, unit, updated_at, user_id, id) 
    values
        (?, ?, ?, ?, ?, ?, ?, ?, ?, ?, ?, default)
Hibernate: 
    insert 
    into
        items
        (category_id, created_at, description, expiry_date, expiry_type, name, photo_path, quantity, unit, updated_at, user_id, id) 
    values
        (?, ?, ?, ?, ?, ?, ?, ?, ?, ?, ?, default)
Hibernate: 
    select
        count(i1_0.id) 
    from
        items i1_0 
    where
        i1_0.user_id=? 
        and i1_0.expiry_date is not null 
        and i1_0.expiry_date<current_date
]]></system-out>
    <system-err><![CDATA[WARNING: A Java agent has been loaded dynamically (/Users/maik.hirthe/.m2/repository/net/bytebuddy/byte-buddy-agent/1.14.10/byte-buddy-agent-1.14.10.jar)
WARNING: If a serviceability tool is in use, please run with -XX:+EnableDynamicAgentLoading to hide this warning
WARNING: If a serviceability tool is not in use, please run with -Djdk.instrument.traceUsage for more information
WARNING: Dynamic loading of agents will be disallowed by default in a future release
]]></system-err>
  </testcase>
  <testcase name="findByUserAndExpiryDateBetween_ShouldReturnItemsInDateRange" classname="com.gefrierschrank.app.repository.ItemRepositoryTest" time="0.02">
    <system-out><![CDATA[Hibernate: 
    insert 
    into
        users
        (created_at, email, password, role, updated_at, username, id) 
    values
        (?, ?, ?, ?, ?, ?, default)
Hibernate: 
    insert 
    into
        users
        (created_at, email, password, role, updated_at, username, id) 
    values
        (?, ?, ?, ?, ?, ?, default)
Hibernate: 
    insert 
    into
        categories
        (created_at, default_unit, icon, max_value, min_value, name, unit_step, updated_at, id) 
    values
        (?, ?, ?, ?, ?, ?, ?, ?, default)
Hibernate: 
    insert 
    into
        categories
        (created_at, default_unit, icon, max_value, min_value, name, unit_step, updated_at, id) 
    values
        (?, ?, ?, ?, ?, ?, ?, ?, default)
Hibernate: 
    insert 
    into
        items
        (category_id, created_at, description, expiry_date, expiry_type, name, photo_path, quantity, unit, updated_at, user_id, id) 
    values
        (?, ?, ?, ?, ?, ?, ?, ?, ?, ?, ?, default)
Hibernate: 
    insert 
    into
        items
        (category_id, created_at, description, expiry_date, expiry_type, name, photo_path, quantity, unit, updated_at, user_id, id) 
    values
        (?, ?, ?, ?, ?, ?, ?, ?, ?, ?, ?, default)
Hibernate: 
    insert 
    into
        items
        (category_id, created_at, description, expiry_date, expiry_type, name, photo_path, quantity, unit, updated_at, user_id, id) 
    values
        (?, ?, ?, ?, ?, ?, ?, ?, ?, ?, ?, default)
Hibernate: 
    insert 
    into
        items
        (category_id, created_at, description, expiry_date, expiry_type, name, photo_path, quantity, unit, updated_at, user_id, id) 
    values
        (?, ?, ?, ?, ?, ?, ?, ?, ?, ?, ?, default)
Hibernate: 
    insert 
    into
        items
        (category_id, created_at, description, expiry_date, expiry_type, name, photo_path, quantity, unit, updated_at, user_id, id) 
    values
        (?, ?, ?, ?, ?, ?, ?, ?, ?, ?, ?, default)
Hibernate: 
    select
        i1_0.id,
        i1_0.category_id,
        i1_0.created_at,
        i1_0.description,
        i1_0.expiry_date,
        i1_0.expiry_type,
        i1_0.name,
        i1_0.photo_path,
        i1_0.quantity,
        i1_0.unit,
        i1_0.updated_at,
        i1_0.user_id 
    from
        items i1_0 
    where
        i1_0.user_id=? 
        and i1_0.expiry_date is not null 
        and i1_0.expiry_date between ? and ? 
    order by
        i1_0.expiry_date
]]></system-out>
  </testcase>
  <testcase name="findByUserWithFilters_NoFilters_ShouldReturnAllUserItems" classname="com.gefrierschrank.app.repository.ItemRepositoryTest" time="0.022">
    <failure message="&#10;expected: &quot;Chicken Breast&quot;&#10; but was: &quot;Broccoli&quot;" type="org.opentest4j.AssertionFailedError"><![CDATA[org.opentest4j.AssertionFailedError: 

expected: "Chicken Breast"
 but was: "Broccoli"
	at java.base/jdk.internal.reflect.DirectConstructorHandleAccessor.newInstance(DirectConstructorHandleAccessor.java:62)
	at java.base/java.lang.reflect.Constructor.newInstanceWithCaller(Constructor.java:499)
	at com.gefrierschrank.app.repository.ItemRepositoryTest.findByUserWithFilters_NoFilters_ShouldReturnAllUserItems(ItemRepositoryTest.java:222)
	at java.base/java.lang.reflect.Method.invoke(Method.java:565)
	at java.base/java.util.ArrayList.forEach(ArrayList.java:1604)
	at java.base/java.util.ArrayList.forEach(ArrayList.java:1604)
]]></failure>
    <system-out><![CDATA[Hibernate: 
    insert 
    into
        users
        (created_at, email, password, role, updated_at, username, id) 
    values
        (?, ?, ?, ?, ?, ?, default)
Hibernate: 
    insert 
    into
        users
        (created_at, email, password, role, updated_at, username, id) 
    values
        (?, ?, ?, ?, ?, ?, default)
Hibernate: 
    insert 
    into
        categories
        (created_at, default_unit, icon, max_value, min_value, name, unit_step, updated_at, id) 
    values
        (?, ?, ?, ?, ?, ?, ?, ?, default)
Hibernate: 
    insert 
    into
        categories
        (created_at, default_unit, icon, max_value, min_value, name, unit_step, updated_at, id) 
    values
        (?, ?, ?, ?, ?, ?, ?, ?, default)
Hibernate: 
    insert 
    into
        items
        (category_id, created_at, description, expiry_date, expiry_type, name, photo_path, quantity, unit, updated_at, user_id, id) 
    values
        (?, ?, ?, ?, ?, ?, ?, ?, ?, ?, ?, default)
Hibernate: 
    insert 
    into
        items
        (category_id, created_at, description, expiry_date, expiry_type, name, photo_path, quantity, unit, updated_at, user_id, id) 
    values
        (?, ?, ?, ?, ?, ?, ?, ?, ?, ?, ?, default)
Hibernate: 
    insert 
    into
        items
        (category_id, created_at, description, expiry_date, expiry_type, name, photo_path, quantity, unit, updated_at, user_id, id) 
    values
        (?, ?, ?, ?, ?, ?, ?, ?, ?, ?, ?, default)
Hibernate: 
    insert 
    into
        items
        (category_id, created_at, description, expiry_date, expiry_type, name, photo_path, quantity, unit, updated_at, user_id, id) 
    values
        (?, ?, ?, ?, ?, ?, ?, ?, ?, ?, ?, default)
Hibernate: 
    insert 
    into
        items
        (category_id, created_at, description, expiry_date, expiry_type, name, photo_path, quantity, unit, updated_at, user_id, id) 
    values
        (?, ?, ?, ?, ?, ?, ?, ?, ?, ?, ?, default)
Hibernate: 
    select
        i1_0.id,
        i1_0.category_id,
        i1_0.created_at,
        i1_0.description,
        i1_0.expiry_date,
        i1_0.expiry_type,
        i1_0.name,
        i1_0.photo_path,
        i1_0.quantity,
        i1_0.unit,
        i1_0.updated_at,
        i1_0.user_id 
    from
        items i1_0 
    join
        categories c1_0 
            on c1_0.id=i1_0.category_id 
    where
        i1_0.user_id=? 
        and (
            ? is null 
            or i1_0.category_id=?
        ) 
        and (
            ? is null 
            or lower(i1_0.name) like lower(('%'||?||'%')) escape ''
        ) 
        and (
            ?=false 
            or (
                i1_0.expiry_date is not null 
                and i1_0.expiry_date<=?
            )
        ) 
    order by
        case 
            when ?='name' 
                then i1_0.name 
            end,
            case 
                when ?='expiry' 
                    then i1_0.expiry_date 
                end,
                case 
                    when ?='category' 
                        then c1_0.name 
                    end,
                    case 
                        when ?='quantity' 
                            then i1_0.quantity 
                        end desc,
                        i1_0.created_at desc 
                    offset
                        ? rows 
                    fetch
                        first ? rows only
]]></system-out>
  </testcase>
  <testcase name="findByUserAndExpiryDateBefore_ShouldReturnItemsBeforeDate" classname="com.gefrierschrank.app.repository.ItemRepositoryTest" time="0.009">
    <system-out><![CDATA[Hibernate: 
    insert 
    into
        users
        (created_at, email, password, role, updated_at, username, id) 
    values
        (?, ?, ?, ?, ?, ?, default)
Hibernate: 
    insert 
    into
        users
        (created_at, email, password, role, updated_at, username, id) 
    values
        (?, ?, ?, ?, ?, ?, default)
Hibernate: 
    insert 
    into
        categories
        (created_at, default_unit, icon, max_value, min_value, name, unit_step, updated_at, id) 
    values
        (?, ?, ?, ?, ?, ?, ?, ?, default)
Hibernate: 
    insert 
    into
        categories
        (created_at, default_unit, icon, max_value, min_value, name, unit_step, updated_at, id) 
    values
        (?, ?, ?, ?, ?, ?, ?, ?, default)
Hibernate: 
    insert 
    into
        items
        (category_id, created_at, description, expiry_date, expiry_type, name, photo_path, quantity, unit, updated_at, user_id, id) 
    values
        (?, ?, ?, ?, ?, ?, ?, ?, ?, ?, ?, default)
Hibernate: 
    insert 
    into
        items
        (category_id, created_at, description, expiry_date, expiry_type, name, photo_path, quantity, unit, updated_at, user_id, id) 
    values
        (?, ?, ?, ?, ?, ?, ?, ?, ?, ?, ?, default)
Hibernate: 
    insert 
    into
        items
        (category_id, created_at, description, expiry_date, expiry_type, name, photo_path, quantity, unit, updated_at, user_id, id) 
    values
        (?, ?, ?, ?, ?, ?, ?, ?, ?, ?, ?, default)
Hibernate: 
    insert 
    into
        items
        (category_id, created_at, description, expiry_date, expiry_type, name, photo_path, quantity, unit, updated_at, user_id, id) 
    values
        (?, ?, ?, ?, ?, ?, ?, ?, ?, ?, ?, default)
Hibernate: 
    insert 
    into
        items
        (category_id, created_at, description, expiry_date, expiry_type, name, photo_path, quantity, unit, updated_at, user_id, id) 
    values
        (?, ?, ?, ?, ?, ?, ?, ?, ?, ?, ?, default)
Hibernate: 
    select
        i1_0.id,
        i1_0.category_id,
        i1_0.created_at,
        i1_0.description,
        i1_0.expiry_date,
        i1_0.expiry_type,
        i1_0.name,
        i1_0.photo_path,
        i1_0.quantity,
        i1_0.unit,
        i1_0.updated_at,
        i1_0.user_id 
    from
        items i1_0 
    where
        i1_0.user_id=? 
        and i1_0.expiry_date is not null 
        and i1_0.expiry_date<=? 
    order by
        i1_0.expiry_date
]]></system-out>
  </testcase>
  <testcase name="findByUserAndExpired_ShouldReturnExpiredItems" classname="com.gefrierschrank.app.repository.ItemRepositoryTest" time="0.008">
    <system-out><![CDATA[Hibernate: 
    insert 
    into
        users
        (created_at, email, password, role, updated_at, username, id) 
    values
        (?, ?, ?, ?, ?, ?, default)
Hibernate: 
    insert 
    into
        users
        (created_at, email, password, role, updated_at, username, id) 
    values
        (?, ?, ?, ?, ?, ?, default)
Hibernate: 
    insert 
    into
        categories
        (created_at, default_unit, icon, max_value, min_value, name, unit_step, updated_at, id) 
    values
        (?, ?, ?, ?, ?, ?, ?, ?, default)
Hibernate: 
    insert 
    into
        categories
        (created_at, default_unit, icon, max_value, min_value, name, unit_step, updated_at, id) 
    values
        (?, ?, ?, ?, ?, ?, ?, ?, default)
Hibernate: 
    insert 
    into
        items
        (category_id, created_at, description, expiry_date, expiry_type, name, photo_path, quantity, unit, updated_at, user_id, id) 
    values
        (?, ?, ?, ?, ?, ?, ?, ?, ?, ?, ?, default)
Hibernate: 
    insert 
    into
        items
        (category_id, created_at, description, expiry_date, expiry_type, name, photo_path, quantity, unit, updated_at, user_id, id) 
    values
        (?, ?, ?, ?, ?, ?, ?, ?, ?, ?, ?, default)
Hibernate: 
    insert 
    into
        items
        (category_id, created_at, description, expiry_date, expiry_type, name, photo_path, quantity, unit, updated_at, user_id, id) 
    values
        (?, ?, ?, ?, ?, ?, ?, ?, ?, ?, ?, default)
Hibernate: 
    insert 
    into
        items
        (category_id, created_at, description, expiry_date, expiry_type, name, photo_path, quantity, unit, updated_at, user_id, id) 
    values
        (?, ?, ?, ?, ?, ?, ?, ?, ?, ?, ?, default)
Hibernate: 
    insert 
    into
        items
        (category_id, created_at, description, expiry_date, expiry_type, name, photo_path, quantity, unit, updated_at, user_id, id) 
    values
        (?, ?, ?, ?, ?, ?, ?, ?, ?, ?, ?, default)
Hibernate: 
    select
        i1_0.id,
        i1_0.category_id,
        i1_0.created_at,
        i1_0.description,
        i1_0.expiry_date,
        i1_0.expiry_type,
        i1_0.name,
        i1_0.photo_path,
        i1_0.quantity,
        i1_0.unit,
        i1_0.updated_at,
        i1_0.user_id 
    from
        items i1_0 
    where
        i1_0.user_id=? 
        and i1_0.expiry_date is not null 
        and i1_0.expiry_date<current_date 
    order by
        i1_0.expiry_date desc
]]></system-out>
  </testcase>
  <testcase name="findByUserAndCategoryOrderByCreatedAtDesc_ShouldReturnCategorySpecificItems" classname="com.gefrierschrank.app.repository.ItemRepositoryTest" time="0.012">
    <failure message="&#10;expected: &quot;Chicken Breast&quot;&#10; but was: &quot;Beef Steak&quot;" type="org.opentest4j.AssertionFailedError"><![CDATA[org.opentest4j.AssertionFailedError: 

expected: "Chicken Breast"
 but was: "Beef Steak"
	at java.base/jdk.internal.reflect.DirectConstructorHandleAccessor.newInstance(DirectConstructorHandleAccessor.java:62)
	at java.base/java.lang.reflect.Constructor.newInstanceWithCaller(Constructor.java:499)
	at com.gefrierschrank.app.repository.ItemRepositoryTest.findByUserAndCategoryOrderByCreatedAtDesc_ShouldReturnCategorySpecificItems(ItemRepositoryTest.java:143)
	at java.base/java.lang.reflect.Method.invoke(Method.java:565)
	at java.base/java.util.ArrayList.forEach(ArrayList.java:1604)
	at java.base/java.util.ArrayList.forEach(ArrayList.java:1604)
]]></failure>
    <system-out><![CDATA[Hibernate: 
    insert 
    into
        users
        (created_at, email, password, role, updated_at, username, id) 
    values
        (?, ?, ?, ?, ?, ?, default)
Hibernate: 
    insert 
    into
        users
        (created_at, email, password, role, updated_at, username, id) 
    values
        (?, ?, ?, ?, ?, ?, default)
Hibernate: 
    insert 
    into
        categories
        (created_at, default_unit, icon, max_value, min_value, name, unit_step, updated_at, id) 
    values
        (?, ?, ?, ?, ?, ?, ?, ?, default)
Hibernate: 
    insert 
    into
        categories
        (created_at, default_unit, icon, max_value, min_value, name, unit_step, updated_at, id) 
    values
        (?, ?, ?, ?, ?, ?, ?, ?, default)
Hibernate: 
    insert 
    into
        items
        (category_id, created_at, description, expiry_date, expiry_type, name, photo_path, quantity, unit, updated_at, user_id, id) 
    values
        (?, ?, ?, ?, ?, ?, ?, ?, ?, ?, ?, default)
Hibernate: 
    insert 
    into
        items
        (category_id, created_at, description, expiry_date, expiry_type, name, photo_path, quantity, unit, updated_at, user_id, id) 
    values
        (?, ?, ?, ?, ?, ?, ?, ?, ?, ?, ?, default)
Hibernate: 
    insert 
    into
        items
        (category_id, created_at, description, expiry_date, expiry_type, name, photo_path, quantity, unit, updated_at, user_id, id) 
    values
        (?, ?, ?, ?, ?, ?, ?, ?, ?, ?, ?, default)
Hibernate: 
    insert 
    into
        items
        (category_id, created_at, description, expiry_date, expiry_type, name, photo_path, quantity, unit, updated_at, user_id, id) 
    values
        (?, ?, ?, ?, ?, ?, ?, ?, ?, ?, ?, default)
Hibernate: 
    insert 
    into
        items
        (category_id, created_at, description, expiry_date, expiry_type, name, photo_path, quantity, unit, updated_at, user_id, id) 
    values
        (?, ?, ?, ?, ?, ?, ?, ?, ?, ?, ?, default)
Hibernate: 
    select
        i1_0.id,
        i1_0.category_id,
        i1_0.created_at,
        i1_0.description,
        i1_0.expiry_date,
        i1_0.expiry_type,
        i1_0.name,
        i1_0.photo_path,
        i1_0.quantity,
        i1_0.unit,
        i1_0.updated_at,
        i1_0.user_id 
    from
        items i1_0 
    where
        i1_0.user_id=? 
        and i1_0.category_id=? 
    order by
        i1_0.created_at desc
]]></system-out>
  </testcase>
  <testcase name="findByUserWithFilters_SortByName_ShouldSortCorrectly" classname="com.gefrierschrank.app.repository.ItemRepositoryTest" time="0.011">
    <system-out><![CDATA[Hibernate: 
    insert 
    into
        users
        (created_at, email, password, role, updated_at, username, id) 
    values
        (?, ?, ?, ?, ?, ?, default)
Hibernate: 
    insert 
    into
        users
        (created_at, email, password, role, updated_at, username, id) 
    values
        (?, ?, ?, ?, ?, ?, default)
Hibernate: 
    insert 
    into
        categories
        (created_at, default_unit, icon, max_value, min_value, name, unit_step, updated_at, id) 
    values
        (?, ?, ?, ?, ?, ?, ?, ?, default)
Hibernate: 
    insert 
    into
        categories
        (created_at, default_unit, icon, max_value, min_value, name, unit_step, updated_at, id) 
    values
        (?, ?, ?, ?, ?, ?, ?, ?, default)
Hibernate: 
    insert 
    into
        items
        (category_id, created_at, description, expiry_date, expiry_type, name, photo_path, quantity, unit, updated_at, user_id, id) 
    values
        (?, ?, ?, ?, ?, ?, ?, ?, ?, ?, ?, default)
Hibernate: 
    insert 
    into
        items
        (category_id, created_at, description, expiry_date, expiry_type, name, photo_path, quantity, unit, updated_at, user_id, id) 
    values
        (?, ?, ?, ?, ?, ?, ?, ?, ?, ?, ?, default)
Hibernate: 
    insert 
    into
        items
        (category_id, created_at, description, expiry_date, expiry_type, name, photo_path, quantity, unit, updated_at, user_id, id) 
    values
        (?, ?, ?, ?, ?, ?, ?, ?, ?, ?, ?, default)
Hibernate: 
    insert 
    into
        items
        (category_id, created_at, description, expiry_date, expiry_type, name, photo_path, quantity, unit, updated_at, user_id, id) 
    values
        (?, ?, ?, ?, ?, ?, ?, ?, ?, ?, ?, default)
Hibernate: 
    insert 
    into
        items
        (category_id, created_at, description, expiry_date, expiry_type, name, photo_path, quantity, unit, updated_at, user_id, id) 
    values
        (?, ?, ?, ?, ?, ?, ?, ?, ?, ?, ?, default)
Hibernate: 
    select
        i1_0.id,
        i1_0.category_id,
        i1_0.created_at,
        i1_0.description,
        i1_0.expiry_date,
        i1_0.expiry_type,
        i1_0.name,
        i1_0.photo_path,
        i1_0.quantity,
        i1_0.unit,
        i1_0.updated_at,
        i1_0.user_id 
    from
        items i1_0 
    join
        categories c1_0 
            on c1_0.id=i1_0.category_id 
    where
        i1_0.user_id=? 
        and (
            ? is null 
            or i1_0.category_id=?
        ) 
        and (
            ? is null 
            or lower(i1_0.name) like lower(('%'||?||'%')) escape ''
        ) 
        and (
            ?=false 
            or (
                i1_0.expiry_date is not null 
                and i1_0.expiry_date<=?
            )
        ) 
    order by
        case 
            when ?='name' 
                then i1_0.name 
            end,
            case 
                when ?='expiry' 
                    then i1_0.expiry_date 
                end,
                case 
                    when ?='category' 
                        then c1_0.name 
                    end,
                    case 
                        when ?='quantity' 
                            then i1_0.quantity 
                        end desc,
                        i1_0.created_at desc 
                    offset
                        ? rows 
                    fetch
                        first ? rows only
]]></system-out>
  </testcase>
  <testcase name="findByUserAndNameContainingIgnoreCase_CaseInsensitive_ShouldWork" classname="com.gefrierschrank.app.repository.ItemRepositoryTest" time="0.009">
    <system-out><![CDATA[Hibernate: 
    insert 
    into
        users
        (created_at, email, password, role, updated_at, username, id) 
    values
        (?, ?, ?, ?, ?, ?, default)
Hibernate: 
    insert 
    into
        users
        (created_at, email, password, role, updated_at, username, id) 
    values
        (?, ?, ?, ?, ?, ?, default)
Hibernate: 
    insert 
    into
        categories
        (created_at, default_unit, icon, max_value, min_value, name, unit_step, updated_at, id) 
    values
        (?, ?, ?, ?, ?, ?, ?, ?, default)
Hibernate: 
    insert 
    into
        categories
        (created_at, default_unit, icon, max_value, min_value, name, unit_step, updated_at, id) 
    values
        (?, ?, ?, ?, ?, ?, ?, ?, default)
Hibernate: 
    insert 
    into
        items
        (category_id, created_at, description, expiry_date, expiry_type, name, photo_path, quantity, unit, updated_at, user_id, id) 
    values
        (?, ?, ?, ?, ?, ?, ?, ?, ?, ?, ?, default)
Hibernate: 
    insert 
    into
        items
        (category_id, created_at, description, expiry_date, expiry_type, name, photo_path, quantity, unit, updated_at, user_id, id) 
    values
        (?, ?, ?, ?, ?, ?, ?, ?, ?, ?, ?, default)
Hibernate: 
    insert 
    into
        items
        (category_id, created_at, description, expiry_date, expiry_type, name, photo_path, quantity, unit, updated_at, user_id, id) 
    values
        (?, ?, ?, ?, ?, ?, ?, ?, ?, ?, ?, default)
Hibernate: 
    insert 
    into
        items
        (category_id, created_at, description, expiry_date, expiry_type, name, photo_path, quantity, unit, updated_at, user_id, id) 
    values
        (?, ?, ?, ?, ?, ?, ?, ?, ?, ?, ?, default)
Hibernate: 
    insert 
    into
        items
        (category_id, created_at, description, expiry_date, expiry_type, name, photo_path, quantity, unit, updated_at, user_id, id) 
    values
        (?, ?, ?, ?, ?, ?, ?, ?, ?, ?, ?, default)
Hibernate: 
    select
        i1_0.id,
        i1_0.category_id,
        i1_0.created_at,
        i1_0.description,
        i1_0.expiry_date,
        i1_0.expiry_type,
        i1_0.name,
        i1_0.photo_path,
        i1_0.quantity,
        i1_0.unit,
        i1_0.updated_at,
        i1_0.user_id 
    from
        items i1_0 
    where
        i1_0.user_id=? 
        and lower(i1_0.name) like lower(('%'||?||'%')) escape '' 
    order by
        i1_0.created_at desc
]]></system-out>
  </testcase>
  <testcase name="findCategoryStatsByUser_ShouldReturnCategoryStatistics" classname="com.gefrierschrank.app.repository.ItemRepositoryTest" time="0.009">
    <system-out><![CDATA[Hibernate: 
    insert 
    into
        users
        (created_at, email, password, role, updated_at, username, id) 
    values
        (?, ?, ?, ?, ?, ?, default)
Hibernate: 
    insert 
    into
        users
        (created_at, email, password, role, updated_at, username, id) 
    values
        (?, ?, ?, ?, ?, ?, default)
Hibernate: 
    insert 
    into
        categories
        (created_at, default_unit, icon, max_value, min_value, name, unit_step, updated_at, id) 
    values
        (?, ?, ?, ?, ?, ?, ?, ?, default)
Hibernate: 
    insert 
    into
        categories
        (created_at, default_unit, icon, max_value, min_value, name, unit_step, updated_at, id) 
    values
        (?, ?, ?, ?, ?, ?, ?, ?, default)
Hibernate: 
    insert 
    into
        items
        (category_id, created_at, description, expiry_date, expiry_type, name, photo_path, quantity, unit, updated_at, user_id, id) 
    values
        (?, ?, ?, ?, ?, ?, ?, ?, ?, ?, ?, default)
Hibernate: 
    insert 
    into
        items
        (category_id, created_at, description, expiry_date, expiry_type, name, photo_path, quantity, unit, updated_at, user_id, id) 
    values
        (?, ?, ?, ?, ?, ?, ?, ?, ?, ?, ?, default)
Hibernate: 
    insert 
    into
        items
        (category_id, created_at, description, expiry_date, expiry_type, name, photo_path, quantity, unit, updated_at, user_id, id) 
    values
        (?, ?, ?, ?, ?, ?, ?, ?, ?, ?, ?, default)
Hibernate: 
    insert 
    into
        items
        (category_id, created_at, description, expiry_date, expiry_type, name, photo_path, quantity, unit, updated_at, user_id, id) 
    values
        (?, ?, ?, ?, ?, ?, ?, ?, ?, ?, ?, default)
Hibernate: 
    insert 
    into
        items
        (category_id, created_at, description, expiry_date, expiry_type, name, photo_path, quantity, unit, updated_at, user_id, id) 
    values
        (?, ?, ?, ?, ?, ?, ?, ?, ?, ?, ?, default)
Hibernate: 
    select
        c1_0.name,
        count(i1_0.id) 
    from
        items i1_0 
    join
        categories c1_0 
            on c1_0.id=i1_0.category_id 
    where
        i1_0.user_id=? 
    group by
        c1_0.name 
    order by
        count(i1_0.id) desc
]]></system-out>
  </testcase>
  <testcase name="countByUserAndCategory_ShouldReturnCategoryCount" classname="com.gefrierschrank.app.repository.ItemRepositoryTest" time="0.009">
    <system-out><![CDATA[Hibernate: 
    insert 
    into
        users
        (created_at, email, password, role, updated_at, username, id) 
    values
        (?, ?, ?, ?, ?, ?, default)
Hibernate: 
    insert 
    into
        users
        (created_at, email, password, role, updated_at, username, id) 
    values
        (?, ?, ?, ?, ?, ?, default)
Hibernate: 
    insert 
    into
        categories
        (created_at, default_unit, icon, max_value, min_value, name, unit_step, updated_at, id) 
    values
        (?, ?, ?, ?, ?, ?, ?, ?, default)
Hibernate: 
    insert 
    into
        categories
        (created_at, default_unit, icon, max_value, min_value, name, unit_step, updated_at, id) 
    values
        (?, ?, ?, ?, ?, ?, ?, ?, default)
Hibernate: 
    insert 
    into
        items
        (category_id, created_at, description, expiry_date, expiry_type, name, photo_path, quantity, unit, updated_at, user_id, id) 
    values
        (?, ?, ?, ?, ?, ?, ?, ?, ?, ?, ?, default)
Hibernate: 
    insert 
    into
        items
        (category_id, created_at, description, expiry_date, expiry_type, name, photo_path, quantity, unit, updated_at, user_id, id) 
    values
        (?, ?, ?, ?, ?, ?, ?, ?, ?, ?, ?, default)
Hibernate: 
    insert 
    into
        items
        (category_id, created_at, description, expiry_date, expiry_type, name, photo_path, quantity, unit, updated_at, user_id, id) 
    values
        (?, ?, ?, ?, ?, ?, ?, ?, ?, ?, ?, default)
Hibernate: 
    insert 
    into
        items
        (category_id, created_at, description, expiry_date, expiry_type, name, photo_path, quantity, unit, updated_at, user_id, id) 
    values
        (?, ?, ?, ?, ?, ?, ?, ?, ?, ?, ?, default)
Hibernate: 
    insert 
    into
        items
        (category_id, created_at, description, expiry_date, expiry_type, name, photo_path, quantity, unit, updated_at, user_id, id) 
    values
        (?, ?, ?, ?, ?, ?, ?, ?, ?, ?, ?, default)
Hibernate: 
    select
        count(i1_0.id) 
    from
        items i1_0 
    where
        i1_0.user_id=? 
        and i1_0.category_id=?
Hibernate: 
    select
        count(i1_0.id) 
    from
        items i1_0 
    where
        i1_0.user_id=? 
        and i1_0.category_id=?
]]></system-out>
  </testcase>
  <testcase name="countByUserAndExpiringSoon_ShouldReturnExpiringCount" classname="com.gefrierschrank.app.repository.ItemRepositoryTest" time="0.007">
    <system-out><![CDATA[Hibernate: 
    insert 
    into
        users
        (created_at, email, password, role, updated_at, username, id) 
    values
        (?, ?, ?, ?, ?, ?, default)
Hibernate: 
    insert 
    into
        users
        (created_at, email, password, role, updated_at, username, id) 
    values
        (?, ?, ?, ?, ?, ?, default)
Hibernate: 
    insert 
    into
        categories
        (created_at, default_unit, icon, max_value, min_value, name, unit_step, updated_at, id) 
    values
        (?, ?, ?, ?, ?, ?, ?, ?, default)
Hibernate: 
    insert 
    into
        categories
        (created_at, default_unit, icon, max_value, min_value, name, unit_step, updated_at, id) 
    values
        (?, ?, ?, ?, ?, ?, ?, ?, default)
Hibernate: 
    insert 
    into
        items
        (category_id, created_at, description, expiry_date, expiry_type, name, photo_path, quantity, unit, updated_at, user_id, id) 
    values
        (?, ?, ?, ?, ?, ?, ?, ?, ?, ?, ?, default)
Hibernate: 
    insert 
    into
        items
        (category_id, created_at, description, expiry_date, expiry_type, name, photo_path, quantity, unit, updated_at, user_id, id) 
    values
        (?, ?, ?, ?, ?, ?, ?, ?, ?, ?, ?, default)
Hibernate: 
    insert 
    into
        items
        (category_id, created_at, description, expiry_date, expiry_type, name, photo_path, quantity, unit, updated_at, user_id, id) 
    values
        (?, ?, ?, ?, ?, ?, ?, ?, ?, ?, ?, default)
Hibernate: 
    insert 
    into
        items
        (category_id, created_at, description, expiry_date, expiry_type, name, photo_path, quantity, unit, updated_at, user_id, id) 
    values
        (?, ?, ?, ?, ?, ?, ?, ?, ?, ?, ?, default)
Hibernate: 
    insert 
    into
        items
        (category_id, created_at, description, expiry_date, expiry_type, name, photo_path, quantity, unit, updated_at, user_id, id) 
    values
        (?, ?, ?, ?, ?, ?, ?, ?, ?, ?, ?, default)
Hibernate: 
    select
        count(i1_0.id) 
    from
        items i1_0 
    where
        i1_0.user_id=? 
        and i1_0.expiry_date is not null 
        and i1_0.expiry_date between current_date and ?
]]></system-out>
  </testcase>
  <testcase name="findRecentItemsByUser_WithPageable_ShouldReturnRecentItems" classname="com.gefrierschrank.app.repository.ItemRepositoryTest" time="0.006">
    <failure message="&#10;expected: &quot;Chicken Breast&quot;&#10; but was: &quot;Broccoli&quot;" type="org.opentest4j.AssertionFailedError"><![CDATA[org.opentest4j.AssertionFailedError: 

expected: "Chicken Breast"
 but was: "Broccoli"
	at java.base/jdk.internal.reflect.DirectConstructorHandleAccessor.newInstance(DirectConstructorHandleAccessor.java:62)
	at java.base/java.lang.reflect.Constructor.newInstanceWithCaller(Constructor.java:499)
	at com.gefrierschrank.app.repository.ItemRepositoryTest.findRecentItemsByUser_WithPageable_ShouldReturnRecentItems(ItemRepositoryTest.java:308)
	at java.base/java.lang.reflect.Method.invoke(Method.java:565)
	at java.base/java.util.ArrayList.forEach(ArrayList.java:1604)
	at java.base/java.util.ArrayList.forEach(ArrayList.java:1604)
]]></failure>
    <system-out><![CDATA[Hibernate: 
    insert 
    into
        users
        (created_at, email, password, role, updated_at, username, id) 
    values
        (?, ?, ?, ?, ?, ?, default)
Hibernate: 
    insert 
    into
        users
        (created_at, email, password, role, updated_at, username, id) 
    values
        (?, ?, ?, ?, ?, ?, default)
Hibernate: 
    insert 
    into
        categories
        (created_at, default_unit, icon, max_value, min_value, name, unit_step, updated_at, id) 
    values
        (?, ?, ?, ?, ?, ?, ?, ?, default)
Hibernate: 
    insert 
    into
        categories
        (created_at, default_unit, icon, max_value, min_value, name, unit_step, updated_at, id) 
    values
        (?, ?, ?, ?, ?, ?, ?, ?, default)
Hibernate: 
    insert 
    into
        items
        (category_id, created_at, description, expiry_date, expiry_type, name, photo_path, quantity, unit, updated_at, user_id, id) 
    values
        (?, ?, ?, ?, ?, ?, ?, ?, ?, ?, ?, default)
Hibernate: 
    insert 
    into
        items
        (category_id, created_at, description, expiry_date, expiry_type, name, photo_path, quantity, unit, updated_at, user_id, id) 
    values
        (?, ?, ?, ?, ?, ?, ?, ?, ?, ?, ?, default)
Hibernate: 
    insert 
    into
        items
        (category_id, created_at, description, expiry_date, expiry_type, name, photo_path, quantity, unit, updated_at, user_id, id) 
    values
        (?, ?, ?, ?, ?, ?, ?, ?, ?, ?, ?, default)
Hibernate: 
    insert 
    into
        items
        (category_id, created_at, description, expiry_date, expiry_type, name, photo_path, quantity, unit, updated_at, user_id, id) 
    values
        (?, ?, ?, ?, ?, ?, ?, ?, ?, ?, ?, default)
Hibernate: 
    insert 
    into
        items
        (category_id, created_at, description, expiry_date, expiry_type, name, photo_path, quantity, unit, updated_at, user_id, id) 
    values
        (?, ?, ?, ?, ?, ?, ?, ?, ?, ?, ?, default)
Hibernate: 
    select
        i1_0.id,
        i1_0.category_id,
        i1_0.created_at,
        i1_0.description,
        i1_0.expiry_date,
        i1_0.expiry_type,
        i1_0.name,
        i1_0.photo_path,
        i1_0.quantity,
        i1_0.unit,
        i1_0.updated_at,
        i1_0.user_id 
    from
        items i1_0 
    where
        i1_0.user_id=? 
    order by
        i1_0.created_at desc 
    offset
        ? rows 
    fetch
        first ? rows only
]]></system-out>
  </testcase>
  <testcase name="findByUserWithFilters_AllFilters_ShouldReturnFilteredResults" classname="com.gefrierschrank.app.repository.ItemRepositoryTest" time="0.007">
    <system-out><![CDATA[Hibernate: 
    insert 
    into
        users
        (created_at, email, password, role, updated_at, username, id) 
    values
        (?, ?, ?, ?, ?, ?, default)
Hibernate: 
    insert 
    into
        users
        (created_at, email, password, role, updated_at, username, id) 
    values
        (?, ?, ?, ?, ?, ?, default)
Hibernate: 
    insert 
    into
        categories
        (created_at, default_unit, icon, max_value, min_value, name, unit_step, updated_at, id) 
    values
        (?, ?, ?, ?, ?, ?, ?, ?, default)
Hibernate: 
    insert 
    into
        categories
        (created_at, default_unit, icon, max_value, min_value, name, unit_step, updated_at, id) 
    values
        (?, ?, ?, ?, ?, ?, ?, ?, default)
Hibernate: 
    insert 
    into
        items
        (category_id, created_at, description, expiry_date, expiry_type, name, photo_path, quantity, unit, updated_at, user_id, id) 
    values
        (?, ?, ?, ?, ?, ?, ?, ?, ?, ?, ?, default)
Hibernate: 
    insert 
    into
        items
        (category_id, created_at, description, expiry_date, expiry_type, name, photo_path, quantity, unit, updated_at, user_id, id) 
    values
        (?, ?, ?, ?, ?, ?, ?, ?, ?, ?, ?, default)
Hibernate: 
    insert 
    into
        items
        (category_id, created_at, description, expiry_date, expiry_type, name, photo_path, quantity, unit, updated_at, user_id, id) 
    values
        (?, ?, ?, ?, ?, ?, ?, ?, ?, ?, ?, default)
Hibernate: 
    insert 
    into
        items
        (category_id, created_at, description, expiry_date, expiry_type, name, photo_path, quantity, unit, updated_at, user_id, id) 
    values
        (?, ?, ?, ?, ?, ?, ?, ?, ?, ?, ?, default)
Hibernate: 
    insert 
    into
        items
        (category_id, created_at, description, expiry_date, expiry_type, name, photo_path, quantity, unit, updated_at, user_id, id) 
    values
        (?, ?, ?, ?, ?, ?, ?, ?, ?, ?, ?, default)
Hibernate: 
    select
        i1_0.id,
        i1_0.category_id,
        i1_0.created_at,
        i1_0.description,
        i1_0.expiry_date,
        i1_0.expiry_type,
        i1_0.name,
        i1_0.photo_path,
        i1_0.quantity,
        i1_0.unit,
        i1_0.updated_at,
        i1_0.user_id 
    from
        items i1_0 
    join
        categories c1_0 
            on c1_0.id=i1_0.category_id 
    where
        i1_0.user_id=? 
        and (
            ? is null 
            or i1_0.category_id=?
        ) 
        and (
            ? is null 
            or lower(i1_0.name) like lower(('%'||?||'%')) escape ''
        ) 
        and (
            ?=false 
            or (
                i1_0.expiry_date is not null 
                and i1_0.expiry_date<=?
            )
        ) 
    order by
        case 
            when ?='name' 
                then i1_0.name 
            end,
            case 
                when ?='expiry' 
                    then i1_0.expiry_date 
                end,
                case 
                    when ?='category' 
                        then c1_0.name 
                    end,
                    case 
                        when ?='quantity' 
                            then i1_0.quantity 
                        end desc,
                        i1_0.created_at desc 
                    offset
                        ? rows 
                    fetch
                        first ? rows only
]]></system-out>
  </testcase>
  <testcase name="findByUserOrderByCreatedAtDesc_ShouldReturnUserItemsInDescOrder" classname="com.gefrierschrank.app.repository.ItemRepositoryTest" time="0.006">
    <failure message="&#10;expected: &quot;Chicken Breast&quot;&#10; but was: &quot;Broccoli&quot;" type="org.opentest4j.AssertionFailedError"><![CDATA[org.opentest4j.AssertionFailedError: 

expected: "Chicken Breast"
 but was: "Broccoli"
	at java.base/jdk.internal.reflect.DirectConstructorHandleAccessor.newInstance(DirectConstructorHandleAccessor.java:62)
	at java.base/java.lang.reflect.Constructor.newInstanceWithCaller(Constructor.java:499)
	at com.gefrierschrank.app.repository.ItemRepositoryTest.findByUserOrderByCreatedAtDesc_ShouldReturnUserItemsInDescOrder(ItemRepositoryTest.java:111)
	at java.base/java.lang.reflect.Method.invoke(Method.java:565)
	at java.base/java.util.ArrayList.forEach(ArrayList.java:1604)
	at java.base/java.util.ArrayList.forEach(ArrayList.java:1604)
]]></failure>
    <system-out><![CDATA[Hibernate: 
    insert 
    into
        users
        (created_at, email, password, role, updated_at, username, id) 
    values
        (?, ?, ?, ?, ?, ?, default)
Hibernate: 
    insert 
    into
        users
        (created_at, email, password, role, updated_at, username, id) 
    values
        (?, ?, ?, ?, ?, ?, default)
Hibernate: 
    insert 
    into
        categories
        (created_at, default_unit, icon, max_value, min_value, name, unit_step, updated_at, id) 
    values
        (?, ?, ?, ?, ?, ?, ?, ?, default)
Hibernate: 
    insert 
    into
        categories
        (created_at, default_unit, icon, max_value, min_value, name, unit_step, updated_at, id) 
    values
        (?, ?, ?, ?, ?, ?, ?, ?, default)
Hibernate: 
    insert 
    into
        items
        (category_id, created_at, description, expiry_date, expiry_type, name, photo_path, quantity, unit, updated_at, user_id, id) 
    values
        (?, ?, ?, ?, ?, ?, ?, ?, ?, ?, ?, default)
Hibernate: 
    insert 
    into
        items
        (category_id, created_at, description, expiry_date, expiry_type, name, photo_path, quantity, unit, updated_at, user_id, id) 
    values
        (?, ?, ?, ?, ?, ?, ?, ?, ?, ?, ?, default)
Hibernate: 
    insert 
    into
        items
        (category_id, created_at, description, expiry_date, expiry_type, name, photo_path, quantity, unit, updated_at, user_id, id) 
    values
        (?, ?, ?, ?, ?, ?, ?, ?, ?, ?, ?, default)
Hibernate: 
    insert 
    into
        items
        (category_id, created_at, description, expiry_date, expiry_type, name, photo_path, quantity, unit, updated_at, user_id, id) 
    values
        (?, ?, ?, ?, ?, ?, ?, ?, ?, ?, ?, default)
Hibernate: 
    insert 
    into
        items
        (category_id, created_at, description, expiry_date, expiry_type, name, photo_path, quantity, unit, updated_at, user_id, id) 
    values
        (?, ?, ?, ?, ?, ?, ?, ?, ?, ?, ?, default)
Hibernate: 
    select
        i1_0.id,
        i1_0.category_id,
        i1_0.created_at,
        i1_0.description,
        i1_0.expiry_date,
        i1_0.expiry_type,
        i1_0.name,
        i1_0.photo_path,
        i1_0.quantity,
        i1_0.unit,
        i1_0.updated_at,
        i1_0.user_id 
    from
        items i1_0 
    where
        i1_0.user_id=? 
    order by
        i1_0.created_at desc
]]></system-out>
  </testcase>
  <testcase name="repository_ShouldOnlyReturnDataForCorrectUser" classname="com.gefrierschrank.app.repository.ItemRepositoryTest" time="0.006">
    <system-out><![CDATA[Hibernate: 
    insert 
    into
        users
        (created_at, email, password, role, updated_at, username, id) 
    values
        (?, ?, ?, ?, ?, ?, default)
Hibernate: 
    insert 
    into
        users
        (created_at, email, password, role, updated_at, username, id) 
    values
        (?, ?, ?, ?, ?, ?, default)
Hibernate: 
    insert 
    into
        categories
        (created_at, default_unit, icon, max_value, min_value, name, unit_step, updated_at, id) 
    values
        (?, ?, ?, ?, ?, ?, ?, ?, default)
Hibernate: 
    insert 
    into
        categories
        (created_at, default_unit, icon, max_value, min_value, name, unit_step, updated_at, id) 
    values
        (?, ?, ?, ?, ?, ?, ?, ?, default)
Hibernate: 
    insert 
    into
        items
        (category_id, created_at, description, expiry_date, expiry_type, name, photo_path, quantity, unit, updated_at, user_id, id) 
    values
        (?, ?, ?, ?, ?, ?, ?, ?, ?, ?, ?, default)
Hibernate: 
    insert 
    into
        items
        (category_id, created_at, description, expiry_date, expiry_type, name, photo_path, quantity, unit, updated_at, user_id, id) 
    values
        (?, ?, ?, ?, ?, ?, ?, ?, ?, ?, ?, default)
Hibernate: 
    insert 
    into
        items
        (category_id, created_at, description, expiry_date, expiry_type, name, photo_path, quantity, unit, updated_at, user_id, id) 
    values
        (?, ?, ?, ?, ?, ?, ?, ?, ?, ?, ?, default)
Hibernate: 
    insert 
    into
        items
        (category_id, created_at, description, expiry_date, expiry_type, name, photo_path, quantity, unit, updated_at, user_id, id) 
    values
        (?, ?, ?, ?, ?, ?, ?, ?, ?, ?, ?, default)
Hibernate: 
    insert 
    into
        items
        (category_id, created_at, description, expiry_date, expiry_type, name, photo_path, quantity, unit, updated_at, user_id, id) 
    values
        (?, ?, ?, ?, ?, ?, ?, ?, ?, ?, ?, default)
Hibernate: 
    select
        i1_0.id,
        i1_0.category_id,
        i1_0.created_at,
        i1_0.description,
        i1_0.expiry_date,
        i1_0.expiry_type,
        i1_0.name,
        i1_0.photo_path,
        i1_0.quantity,
        i1_0.unit,
        i1_0.updated_at,
        i1_0.user_id 
    from
        items i1_0 
    where
        i1_0.user_id=? 
    order by
        i1_0.created_at desc
Hibernate: 
    select
        i1_0.id,
        i1_0.category_id,
        i1_0.created_at,
        i1_0.description,
        i1_0.expiry_date,
        i1_0.expiry_type,
        i1_0.name,
        i1_0.photo_path,
        i1_0.quantity,
        i1_0.unit,
        i1_0.updated_at,
        i1_0.user_id 
    from
        items i1_0 
    where
        i1_0.user_id=? 
    order by
        i1_0.created_at desc
]]></system-out>
  </testcase>
  <testcase name="findByUserAndNameContainingIgnoreCase_ShouldReturnMatchingItems" classname="com.gefrierschrank.app.repository.ItemRepositoryTest" time="0.006">
    <system-out><![CDATA[Hibernate: 
    insert 
    into
        users
        (created_at, email, password, role, updated_at, username, id) 
    values
        (?, ?, ?, ?, ?, ?, default)
Hibernate: 
    insert 
    into
        users
        (created_at, email, password, role, updated_at, username, id) 
    values
        (?, ?, ?, ?, ?, ?, default)
Hibernate: 
    insert 
    into
        categories
        (created_at, default_unit, icon, max_value, min_value, name, unit_step, updated_at, id) 
    values
        (?, ?, ?, ?, ?, ?, ?, ?, default)
Hibernate: 
    insert 
    into
        categories
        (created_at, default_unit, icon, max_value, min_value, name, unit_step, updated_at, id) 
    values
        (?, ?, ?, ?, ?, ?, ?, ?, default)
Hibernate: 
    insert 
    into
        items
        (category_id, created_at, description, expiry_date, expiry_type, name, photo_path, quantity, unit, updated_at, user_id, id) 
    values
        (?, ?, ?, ?, ?, ?, ?, ?, ?, ?, ?, default)
Hibernate: 
    insert 
    into
        items
        (category_id, created_at, description, expiry_date, expiry_type, name, photo_path, quantity, unit, updated_at, user_id, id) 
    values
        (?, ?, ?, ?, ?, ?, ?, ?, ?, ?, ?, default)
Hibernate: 
    insert 
    into
        items
        (category_id, created_at, description, expiry_date, expiry_type, name, photo_path, quantity, unit, updated_at, user_id, id) 
    values
        (?, ?, ?, ?, ?, ?, ?, ?, ?, ?, ?, default)
Hibernate: 
    insert 
    into
        items
        (category_id, created_at, description, expiry_date, expiry_type, name, photo_path, quantity, unit, updated_at, user_id, id) 
    values
        (?, ?, ?, ?, ?, ?, ?, ?, ?, ?, ?, default)
Hibernate: 
    insert 
    into
        items
        (category_id, created_at, description, expiry_date, expiry_type, name, photo_path, quantity, unit, updated_at, user_id, id) 
    values
        (?, ?, ?, ?, ?, ?, ?, ?, ?, ?, ?, default)
Hibernate: 
    select
        i1_0.id,
        i1_0.category_id,
        i1_0.created_at,
        i1_0.description,
        i1_0.expiry_date,
        i1_0.expiry_type,
        i1_0.name,
        i1_0.photo_path,
        i1_0.quantity,
        i1_0.unit,
        i1_0.updated_at,
        i1_0.user_id 
    from
        items i1_0 
    where
        i1_0.user_id=? 
        and lower(i1_0.name) like lower(('%'||?||'%')) escape '' 
    order by
        i1_0.created_at desc
]]></system-out>
  </testcase>
  <testcase name="countByUser_ShouldReturnCorrectCount" classname="com.gefrierschrank.app.repository.ItemRepositoryTest" time="0.005">
    <system-out><![CDATA[Hibernate: 
    insert 
    into
        users
        (created_at, email, password, role, updated_at, username, id) 
    values
        (?, ?, ?, ?, ?, ?, default)
Hibernate: 
    insert 
    into
        users
        (created_at, email, password, role, updated_at, username, id) 
    values
        (?, ?, ?, ?, ?, ?, default)
Hibernate: 
    insert 
    into
        categories
        (created_at, default_unit, icon, max_value, min_value, name, unit_step, updated_at, id) 
    values
        (?, ?, ?, ?, ?, ?, ?, ?, default)
Hibernate: 
    insert 
    into
        categories
        (created_at, default_unit, icon, max_value, min_value, name, unit_step, updated_at, id) 
    values
        (?, ?, ?, ?, ?, ?, ?, ?, default)
Hibernate: 
    insert 
    into
        items
        (category_id, created_at, description, expiry_date, expiry_type, name, photo_path, quantity, unit, updated_at, user_id, id) 
    values
        (?, ?, ?, ?, ?, ?, ?, ?, ?, ?, ?, default)
Hibernate: 
    insert 
    into
        items
        (category_id, created_at, description, expiry_date, expiry_type, name, photo_path, quantity, unit, updated_at, user_id, id) 
    values
        (?, ?, ?, ?, ?, ?, ?, ?, ?, ?, ?, default)
Hibernate: 
    insert 
    into
        items
        (category_id, created_at, description, expiry_date, expiry_type, name, photo_path, quantity, unit, updated_at, user_id, id) 
    values
        (?, ?, ?, ?, ?, ?, ?, ?, ?, ?, ?, default)
Hibernate: 
    insert 
    into
        items
        (category_id, created_at, description, expiry_date, expiry_type, name, photo_path, quantity, unit, updated_at, user_id, id) 
    values
        (?, ?, ?, ?, ?, ?, ?, ?, ?, ?, ?, default)
Hibernate: 
    insert 
    into
        items
        (category_id, created_at, description, expiry_date, expiry_type, name, photo_path, quantity, unit, updated_at, user_id, id) 
    values
        (?, ?, ?, ?, ?, ?, ?, ?, ?, ?, ?, default)
Hibernate: 
    select
        count(i1_0.id) 
    from
        items i1_0 
    where
        i1_0.user_id=?
]]></system-out>
  </testcase>
  <testcase name="findByUserAndExpiringSoon_ShouldReturnItemsExpiringSoon" classname="com.gefrierschrank.app.repository.ItemRepositoryTest" time="0.006">
    <system-out><![CDATA[Hibernate: 
    insert 
    into
        users
        (created_at, email, password, role, updated_at, username, id) 
    values
        (?, ?, ?, ?, ?, ?, default)
Hibernate: 
    insert 
    into
        users
        (created_at, email, password, role, updated_at, username, id) 
    values
        (?, ?, ?, ?, ?, ?, default)
Hibernate: 
    insert 
    into
        categories
        (created_at, default_unit, icon, max_value, min_value, name, unit_step, updated_at, id) 
    values
        (?, ?, ?, ?, ?, ?, ?, ?, default)
Hibernate: 
    insert 
    into
        categories
        (created_at, default_unit, icon, max_value, min_value, name, unit_step, updated_at, id) 
    values
        (?, ?, ?, ?, ?, ?, ?, ?, default)
Hibernate: 
    insert 
    into
        items
        (category_id, created_at, description, expiry_date, expiry_type, name, photo_path, quantity, unit, updated_at, user_id, id) 
    values
        (?, ?, ?, ?, ?, ?, ?, ?, ?, ?, ?, default)
Hibernate: 
    insert 
    into
        items
        (category_id, created_at, description, expiry_date, expiry_type, name, photo_path, quantity, unit, updated_at, user_id, id) 
    values
        (?, ?, ?, ?, ?, ?, ?, ?, ?, ?, ?, default)
Hibernate: 
    insert 
    into
        items
        (category_id, created_at, description, expiry_date, expiry_type, name, photo_path, quantity, unit, updated_at, user_id, id) 
    values
        (?, ?, ?, ?, ?, ?, ?, ?, ?, ?, ?, default)
Hibernate: 
    insert 
    into
        items
        (category_id, created_at, description, expiry_date, expiry_type, name, photo_path, quantity, unit, updated_at, user_id, id) 
    values
        (?, ?, ?, ?, ?, ?, ?, ?, ?, ?, ?, default)
Hibernate: 
    insert 
    into
        items
        (category_id, created_at, description, expiry_date, expiry_type, name, photo_path, quantity, unit, updated_at, user_id, id) 
    values
        (?, ?, ?, ?, ?, ?, ?, ?, ?, ?, ?, default)
Hibernate: 
    select
        i1_0.id,
        i1_0.category_id,
        i1_0.created_at,
        i1_0.description,
        i1_0.expiry_date,
        i1_0.expiry_type,
        i1_0.name,
        i1_0.photo_path,
        i1_0.quantity,
        i1_0.unit,
        i1_0.updated_at,
        i1_0.user_id 
    from
        items i1_0 
    where
        i1_0.user_id=? 
        and i1_0.expiry_date is not null 
        and i1_0.expiry_date between current_date and ? 
    order by
        i1_0.expiry_date
]]></system-out>
  </testcase>
  <testcase name="findByUserOrderByCreatedAtDesc_WithPageable_ShouldReturnPagedResults" classname="com.gefrierschrank.app.repository.ItemRepositoryTest" time="0.007">
    <failure message="&#10;expected: &quot;Chicken Breast&quot;&#10; but was: &quot;Broccoli&quot;" type="org.opentest4j.AssertionFailedError"><![CDATA[org.opentest4j.AssertionFailedError: 

expected: "Chicken Breast"
 but was: "Broccoli"
	at java.base/jdk.internal.reflect.DirectConstructorHandleAccessor.newInstance(DirectConstructorHandleAccessor.java:62)
	at java.base/java.lang.reflect.Constructor.newInstanceWithCaller(Constructor.java:499)
	at com.gefrierschrank.app.repository.ItemRepositoryTest.findByUserOrderByCreatedAtDesc_WithPageable_ShouldReturnPagedResults(ItemRepositoryTest.java:132)
	at java.base/java.lang.reflect.Method.invoke(Method.java:565)
	at java.base/java.util.ArrayList.forEach(ArrayList.java:1604)
	at java.base/java.util.ArrayList.forEach(ArrayList.java:1604)
]]></failure>
    <system-out><![CDATA[Hibernate: 
    insert 
    into
        users
        (created_at, email, password, role, updated_at, username, id) 
    values
        (?, ?, ?, ?, ?, ?, default)
Hibernate: 
    insert 
    into
        users
        (created_at, email, password, role, updated_at, username, id) 
    values
        (?, ?, ?, ?, ?, ?, default)
Hibernate: 
    insert 
    into
        categories
        (created_at, default_unit, icon, max_value, min_value, name, unit_step, updated_at, id) 
    values
        (?, ?, ?, ?, ?, ?, ?, ?, default)
Hibernate: 
    insert 
    into
        categories
        (created_at, default_unit, icon, max_value, min_value, name, unit_step, updated_at, id) 
    values
        (?, ?, ?, ?, ?, ?, ?, ?, default)
Hibernate: 
    insert 
    into
        items
        (category_id, created_at, description, expiry_date, expiry_type, name, photo_path, quantity, unit, updated_at, user_id, id) 
    values
        (?, ?, ?, ?, ?, ?, ?, ?, ?, ?, ?, default)
Hibernate: 
    insert 
    into
        items
        (category_id, created_at, description, expiry_date, expiry_type, name, photo_path, quantity, unit, updated_at, user_id, id) 
    values
        (?, ?, ?, ?, ?, ?, ?, ?, ?, ?, ?, default)
Hibernate: 
    insert 
    into
        items
        (category_id, created_at, description, expiry_date, expiry_type, name, photo_path, quantity, unit, updated_at, user_id, id) 
    values
        (?, ?, ?, ?, ?, ?, ?, ?, ?, ?, ?, default)
Hibernate: 
    insert 
    into
        items
        (category_id, created_at, description, expiry_date, expiry_type, name, photo_path, quantity, unit, updated_at, user_id, id) 
    values
        (?, ?, ?, ?, ?, ?, ?, ?, ?, ?, ?, default)
Hibernate: 
    insert 
    into
        items
        (category_id, created_at, description, expiry_date, expiry_type, name, photo_path, quantity, unit, updated_at, user_id, id) 
    values
        (?, ?, ?, ?, ?, ?, ?, ?, ?, ?, ?, default)
Hibernate: 
    select
        i1_0.id,
        i1_0.category_id,
        i1_0.created_at,
        i1_0.description,
        i1_0.expiry_date,
        i1_0.expiry_type,
        i1_0.name,
        i1_0.photo_path,
        i1_0.quantity,
        i1_0.unit,
        i1_0.updated_at,
        i1_0.user_id 
    from
        items i1_0 
    where
        i1_0.user_id=? 
    order by
        i1_0.created_at desc 
    offset
        ? rows 
    fetch
        first ? rows only
Hibernate: 
    select
        count(i1_0.id) 
    from
        items i1_0 
    where
        i1_0.user_id=?
]]></system-out>
  </testcase>
</testsuite>